2025-03-16 04:31:16,156 - modules.enhanced_research - INFO - Starting enhanced research for brand: gokwik
2025-03-16 04:31:16,158 - modules.enhanced_research - INFO - Fetching Wikipedia data for gokwik
2025-03-16 04:31:18,696 - modules.enhanced_research - INFO - Performing DuckDuckGo search for gokwik
2025-03-16 04:31:36,939 - modules.enhanced_research - INFO - Analyzing competitors for gokwik
2025-03-16 04:31:43,778 - modules.enhanced_research - INFO - Detecting industry trends for gokwik
2025-03-16 04:31:50,913 - modules.enhanced_research - ERROR - Error during enhanced research for gokwik: 'DocumentManager' object has no attribute 'save_document_text'
2025-03-16 04:38:00,224 - modules.enhanced_research - INFO - Starting enhanced research for brand: gokwik
2025-03-16 04:38:00,225 - modules.enhanced_research - INFO - Fetching Wikipedia data for gokwik
2025-03-16 04:38:02,262 - modules.enhanced_research - INFO - Performing DuckDuckGo search for gokwik
2025-03-16 04:38:17,901 - modules.enhanced_research - INFO - Analyzing competitors for gokwik
2025-03-16 04:38:24,367 - modules.enhanced_research - INFO - Detecting industry trends for gokwik
2025-03-16 04:38:32,545 - modules.enhanced_research - ERROR - Error during enhanced research for gokwik: 'DocumentManager' object has no attribute 'save_document_text'
2025-03-16 04:40:23,138 - modules.enhanced_research - INFO - Starting enhanced research for brand: gokwik
2025-03-16 04:40:23,139 - modules.enhanced_research - INFO - Fetching Wikipedia data for gokwik
2025-03-16 04:40:25,244 - modules.enhanced_research - INFO - Performing DuckDuckGo search for gokwik
2025-03-16 04:42:53,493 - modules.enhanced_research - INFO - Starting enhanced research for brand: gokwik
2025-03-16 04:42:53,493 - modules.enhanced_research - INFO - Fetching Wikipedia data for gokwik
2025-03-16 04:42:56,173 - modules.enhanced_research - INFO - Performing DuckDuckGo search for gokwik
2025-03-16 04:43:28,295 - modules.enhanced_research - INFO - Analyzing competitors for gokwik
2025-03-16 04:43:55,091 - modules.enhanced_research - INFO - Detecting industry trends for gokwik
2025-03-16 04:44:21,522 - modules.enhanced_research - INFO - Enhanced research completed in 88.03 seconds for gokwik
2025-03-16 04:54:01,473 - modules.enhanced_research - INFO - Starting enhanced research for brand: gokwik
2025-03-16 04:54:01,473 - modules.enhanced_research - INFO - Fetching Wikipedia data for gokwik
2025-03-16 04:54:03,315 - modules.enhanced_research - WARNING - Wikipedia scraping failed for gokwik: No Wikipedia page found
2025-03-16 04:54:03,315 - modules.enhanced_research - INFO - Performing initial DuckDuckGo search for gokwik official website
2025-03-16 04:54:39,198 - modules.enhanced_research - INFO - Found likely official website: https://www.gokwik.co/
2025-03-16 04:54:39,199 - modules.enhanced_research - INFO - Attempting direct website scraping for gokwik at https://www.gokwik.co/
2025-03-16 04:54:46,229 - modules.enhanced_research - WARNING - Website scraping failed for gokwik: Insufficient text extracted
2025-03-16 04:54:46,229 - modules.enhanced_research - INFO - Performing comprehensive DuckDuckGo search for gokwik
2025-03-16 04:55:23,190 - modules.enhanced_research - INFO - Analyzing competitors for gokwik
2025-03-16 04:55:43,361 - modules.enhanced_research - INFO - Detecting industry trends for gokwik
2025-03-16 04:55:57,202 - modules.enhanced_research - WARNING - Partial failures in enhanced research for gokwik: ['wikipedia', 'website']
2025-03-16 04:55:57,299 - modules.enhanced_research - INFO - Enhanced research completed in 115.83 seconds for gokwik
2025-03-16 04:59:42,119 - modules.enhanced_research - INFO - Starting enhanced research for brand: zoko
2025-03-16 04:59:42,120 - modules.enhanced_research - INFO - Fetching Wikipedia data for zoko
2025-03-16 04:59:44,218 - modules.enhanced_research - INFO - Performing initial DuckDuckGo search for zoko official website
2025-03-16 05:00:17,022 - modules.enhanced_research - INFO - Found likely official website: https://zokogroups.com/
2025-03-16 05:00:17,022 - modules.enhanced_research - INFO - Attempting direct website scraping for zoko at https://zokogroups.com/
2025-03-16 05:00:41,993 - modules.enhanced_research - WARNING - Website scraping failed for zoko: Bot detection triggered
2025-03-16 05:00:41,994 - modules.enhanced_research - INFO - Performing comprehensive DuckDuckGo search for zoko
2025-03-16 05:01:16,000 - modules.enhanced_research - INFO - Analyzing competitors for zoko
2025-03-16 05:01:29,986 - modules.enhanced_research - INFO - Detecting industry trends for zoko
2025-03-16 05:01:48,485 - modules.enhanced_research - WARNING - Partial failures in enhanced research for zoko: ['website']
2025-03-16 05:01:48,511 - modules.enhanced_research - INFO - Enhanced research completed in 126.39 seconds for zoko
2025-03-16 05:02:06,816 - modules.enhanced_research - INFO - Starting enhanced research for brand: zoko.io
2025-03-16 05:02:06,816 - modules.enhanced_research - INFO - Fetching Wikipedia data for zoko.io
2025-03-16 05:02:07,935 - modules.enhanced_research - WARNING - Wikipedia scraping failed for zoko.io: No Wikipedia page found
2025-03-16 05:02:07,936 - modules.enhanced_research - INFO - Performing initial DuckDuckGo search for zoko.io official website
2025-03-16 05:02:30,648 - modules.enhanced_research - INFO - Found likely official website: https://www.zoko.io/
2025-03-16 05:02:30,649 - modules.enhanced_research - INFO - Attempting direct website scraping for zoko.io at https://www.zoko.io/
2025-03-16 05:02:38,037 - modules.enhanced_research - WARNING - Website scraping failed for zoko.io: Insufficient text extracted
2025-03-16 05:02:38,038 - modules.enhanced_research - INFO - Performing comprehensive DuckDuckGo search for zoko.io
2025-03-16 05:03:02,849 - modules.enhanced_research - INFO - Analyzing competitors for zoko.io
2025-03-16 05:03:15,403 - modules.enhanced_research - INFO - Detecting industry trends for zoko.io
2025-03-16 05:03:41,546 - modules.enhanced_research - WARNING - Trend detection failed for zoko.io: None
2025-03-16 05:03:41,547 - modules.enhanced_research - WARNING - Partial failures in enhanced research for zoko.io: ['wikipedia', 'website', 'trends']
2025-03-16 05:03:41,575 - modules.enhanced_research - INFO - Enhanced research completed in 94.76 seconds for zoko.io
